2016-03-15 10:28:00,526 INFO Parse of Excel file started
2016-03-15 10:28:15,394 ERROR DIRECTCNXLIST_TIMEOUT from MP.Param not generated on XML : no type defined on Excel file
2016-03-15 10:28:15,394 ERROR DIRECTCNXLIST_TIMEOUT from MP.Param not generated on XSD : no type defined on Excel file
2016-03-15 10:28:15,395 ERROR AQ_Monitoring from xxx_main.cfg file not generated on XML : no value defined on Excel file
2016-03-15 10:28:15,395 ERROR AQ_Monitoring from xxx_main.cfg file not generated on XML : no type defined on Excel file
2016-03-15 10:28:15,396 ERROR CPU_Load_Period from xxx_main.cfg file not generated on XML : no value defined on Excel file
2016-03-15 10:28:15,396 ERROR CPU_Load_Period from xxx_main.cfg file not generated on XML : no type defined on Excel file
2016-03-15 10:28:15,396 ERROR Mhi_Log_Pathname from xxx_main.cfg file not generated on XML : no value defined on Excel file
2016-03-15 10:28:15,396 ERROR Mhi_Log_Pathname from xxx_main.cfg file not generated on XML : no type defined on Excel file
2016-03-15 10:28:15,396 ERROR Output_Log_To_File from xxx_main.cfg file not generated on XML : no type defined on Excel file
2016-03-15 10:28:15,396 ERROR Output_Log_To_Terminal from xxx_main.cfg file not generated on XML : no type defined on Excel file
2016-03-15 10:28:15,396 ERROR Routing_Configuration from xxx_main.cfg file not generated on XML : no value defined on Excel file
2016-03-15 10:28:15,396 ERROR Routing_Configuration from xxx_main.cfg file not generated on XML : no type defined on Excel file
2016-03-15 10:28:15,396 ERROR SIMPLE_Start_Stop_Acknowledgement_Timeout from xxx_main.cfg file not generated on XML : no value defined on Excel file
2016-03-15 10:28:15,396 ERROR SIMPLE_Start_Stop_Acknowledgement_Timeout from xxx_main.cfg file not generated on XML : no type defined on Excel file
2016-03-15 10:28:15,397 ERROR SIMPLE_Synchro_Time_Timeout from xxx_main.cfg file not generated on XML : no value defined on Excel file
2016-03-15 10:28:15,397 ERROR SIMPLE_Synchro_Time_Timeout from xxx_main.cfg file not generated on XML : no type defined on Excel file
2016-03-15 10:28:15,397 ERROR Synchro_Seconds from xxx_main.cfg file not generated on XML : no value defined on Excel file
2016-03-15 10:28:15,397 ERROR Synchro_Seconds from xxx_main.cfg file not generated on XML : no type defined on Excel file
2016-03-15 10:28:15,397 ERROR AQ_Monitoring from xxx_main.cfg file not generated on XSD : no value defined on Excel file
2016-03-15 10:28:15,397 ERROR AQ_Monitoring from xxx_main.cfg file not generated on XSD : no type defined on Excel file
2016-03-15 10:28:15,397 ERROR CPU_Load_Period from xxx_main.cfg file not generated on XSD : no value defined on Excel file
2016-03-15 10:28:15,397 ERROR CPU_Load_Period from xxx_main.cfg file not generated on XSD : no type defined on Excel file
2016-03-15 10:28:15,397 ERROR Mhi_Log_Pathname from xxx_main.cfg file not generated on XSD : no value defined on Excel file
2016-03-15 10:28:15,397 ERROR Mhi_Log_Pathname from xxx_main.cfg file not generated on XSD : no type defined on Excel file
2016-03-15 10:28:15,397 ERROR Output_Log_To_File from xxx_main.cfg file not generated on XSD : no type defined on Excel file
2016-03-15 10:28:15,397 ERROR Output_Log_To_Terminal from xxx_main.cfg file not generated on XSD : no type defined on Excel file
2016-03-15 10:28:15,397 ERROR Routing_Configuration from xxx_main.cfg file not generated on XSD : no value defined on Excel file
2016-03-15 10:28:15,397 ERROR Routing_Configuration from xxx_main.cfg file not generated on XSD : no type defined on Excel file
2016-03-15 10:28:15,398 ERROR SIMPLE_Start_Stop_Acknowledgement_Timeout from xxx_main.cfg file not generated on XSD : no value defined on Excel file
2016-03-15 10:28:15,398 ERROR SIMPLE_Start_Stop_Acknowledgement_Timeout from xxx_main.cfg file not generated on XSD : no type defined on Excel file
2016-03-15 10:28:15,398 ERROR SIMPLE_Synchro_Time_Timeout from xxx_main.cfg file not generated on XSD : no value defined on Excel file
2016-03-15 10:28:15,398 ERROR SIMPLE_Synchro_Time_Timeout from xxx_main.cfg file not generated on XSD : no type defined on Excel file
2016-03-15 10:28:15,398 ERROR Synchro_Seconds from xxx_main.cfg file not generated on XSD : no value defined on Excel file
2016-03-15 10:28:15,398 ERROR Synchro_Seconds from xxx_main.cfg file not generated on XSD : no type defined on Excel file
2016-03-15 10:28:15,398 ERROR Persistence_TCP_Port from xxx_main.cfg file not generated on XML : no type defined on Excel file
2016-03-15 10:28:15,398 ERROR Persistence_TCP_Port from xxx_main.cfg file not generated on XSD : no type defined on Excel file
2016-03-15 10:28:15,398 ERROR Net_No from xxx_main.cfg file not generated on XML : no value defined on Excel file
2016-03-15 10:28:15,398 ERROR Net_No from xxx_main.cfg file not generated on XSD : no value defined on Excel file
2016-03-15 10:28:15,399 ERROR SIMPLE_CHECKSUM from SIMPLE_IF not generated on XML : no type defined on Excel file
2016-03-15 10:28:15,399 ERROR SIMPLE_IF_PORT from SIMPLE_IF not generated on XML : no type defined on Excel file
2016-03-15 10:28:15,399 ERROR SIMPLE_CHECKSUM from SIMPLE_IF not generated on XSD : no type defined on Excel file
2016-03-15 10:28:15,399 ERROR SIMPLE_IF_PORT from SIMPLE_IF not generated on XSD : no type defined on Excel file
2016-03-15 10:28:15,401 ERROR LATITUDE from midsRegistration not generated on XML : no type defined on Excel file
2016-03-15 10:28:15,401 ERROR LONGITUDE from midsRegistration not generated on XML : no type defined on Excel file
2016-03-15 10:28:15,401 ERROR VOICE_CALL_SIGN from midsRegistration not generated on XML : no type defined on Excel file
2016-03-15 10:28:15,401 ERROR LATITUDE from midsRegistration not generated on XSD : no type defined on Excel file
2016-03-15 10:28:15,401 ERROR LONGITUDE from midsRegistration not generated on XSD : no type defined on Excel file
2016-03-15 10:28:15,401 ERROR VOICE_CALL_SIGN from midsRegistration not generated on XSD : no type defined on Excel file
2016-03-15 10:28:15,402 ERROR MIDS_FOM20_Latency from L16.Param not generated on XML : no value defined on Excel file
2016-03-15 10:28:15,402 ERROR MIDS_FOM20_Latency from L16.Param not generated on XML : no type defined on Excel file
2016-03-15 10:28:15,402 ERROR J_Elimination_Window_Size from L16.Param not generated on XML : no type defined on Excel file
2016-03-15 10:28:15,402 ERROR J_Elimination_Window_Bidirectional from L16.Param not generated on XML : no value defined on Excel file
2016-03-15 10:28:15,402 ERROR J_Elimination_Window_Bidirectional from L16.Param not generated on XML : no type defined on Excel file
2016-03-15 10:28:15,402 ERROR K_LinkT_Delta_Time_Default from L16.Param not generated on XML : no type defined on Excel file
2016-03-15 10:28:15,402 ERROR K_LinkT_Delta_Time_Limit from L16.Param not generated on XML : no type defined on Excel file
2016-03-15 10:28:15,402 ERROR Nb_buf_presat_threshold_PG_All from L16.Param not generated on XML : no type defined on Excel file
2016-03-15 10:28:15,402 ERROR Nb_buf_presat_threshold_PGx from L16.Param not generated on XML : no type defined on Excel file
2016-03-15 10:28:15,403 ERROR Nb_buf_sat_threshold_PG_All from L16.Param not generated on XML : no type defined on Excel file
2016-03-15 10:28:15,403 ERROR Nb_buf_sat_threshold_PGx from L16.Param not generated on XML : no type defined on Excel file
2016-03-15 10:28:15,403 ERROR MIDS_FOM20_Latency from L16.Param not generated on XSD : no value defined on Excel file
2016-03-15 10:28:15,403 ERROR MIDS_FOM20_Latency from L16.Param not generated on XSD : no type defined on Excel file
2016-03-15 10:28:15,403 ERROR J_Elimination_Window_Size from L16.Param not generated on XSD : no type defined on Excel file
2016-03-15 10:28:15,403 ERROR J_Elimination_Window_Bidirectional from L16.Param not generated on XSD : no value defined on Excel file
2016-03-15 10:28:15,403 ERROR J_Elimination_Window_Bidirectional from L16.Param not generated on XSD : no type defined on Excel file
2016-03-15 10:28:15,403 ERROR K_LinkT_Delta_Time_Default from L16.Param not generated on XSD : no type defined on Excel file
2016-03-15 10:28:15,403 ERROR K_LinkT_Delta_Time_Limit from L16.Param not generated on XSD : no type defined on Excel file
2016-03-15 10:28:15,403 ERROR Nb_buf_presat_threshold_PG_All from L16.Param not generated on XSD : no type defined on Excel file
2016-03-15 10:28:15,403 ERROR Nb_buf_presat_threshold_PGx from L16.Param not generated on XSD : no type defined on Excel file
2016-03-15 10:28:15,403 ERROR Nb_buf_sat_threshold_PG_All from L16.Param not generated on XSD : no type defined on Excel file
2016-03-15 10:28:15,403 ERROR Nb_buf_sat_threshold_PGx from L16.Param not generated on XSD : no type defined on Excel file
2016-03-15 10:28:15,404 ERROR link_id from Remote_L11 not generated on XML : no type defined on Excel file
2016-03-15 10:28:15,404 ERROR device from Remote_L11 not generated on XML : no type defined on Excel file
2016-03-15 10:28:15,404 ERROR TopLink_port_tx from Remote_L11 not generated on XML : no type defined on Excel file
2016-03-15 10:28:15,404 ERROR TopLink_port_rx from Remote_L11 not generated on XML : no type defined on Excel file
2016-03-15 10:28:15,404 ERROR SImple_PORT from Remote_L11 not generated on XML : no type defined on Excel file
2016-03-15 10:28:15,404 ERROR port from Remote_L11 not generated on XML : no type defined on Excel file
2016-03-15 10:28:15,404 ERROR size from Remote_L11 not generated on XML : no type defined on Excel file
2016-03-15 10:28:15,404 ERROR threshold from Remote_L11 not generated on XML : no type defined on Excel file
2016-03-15 10:28:15,404 ERROR bsp_task from Remote_L11 not generated on XML : no type defined on Excel file
2016-03-15 10:28:15,404 ERROR rx_task from Remote_L11 not generated on XML : no type defined on Excel file
2016-03-15 10:28:15,405 ERROR tx_task from Remote_L11 not generated on XML : no type defined on Excel file
2016-03-15 10:28:15,405 ERROR info from Remote_L11 not generated on XML : no type defined on Excel file
2016-03-15 10:28:15,405 ERROR warning from Remote_L11 not generated on XML : no type defined on Excel file
2016-03-15 10:28:15,405 ERROR error from Remote_L11 not generated on XML : no type defined on Excel file
2016-03-15 10:28:15,405 ERROR debug from Remote_L11 not generated on XML : no type defined on Excel file
2016-03-15 10:28:15,405 ERROR link_id from Remote_L11 not generated on XSD : no type defined on Excel file
2016-03-15 10:28:15,405 ERROR device from Remote_L11 not generated on XSD : no type defined on Excel file
2016-03-15 10:28:15,405 ERROR TopLink_port_tx from Remote_L11 not generated on XSD : no type defined on Excel file
2016-03-15 10:28:15,405 ERROR TopLink_port_rx from Remote_L11 not generated on XSD : no type defined on Excel file
2016-03-15 10:28:15,405 ERROR SImple_PORT from Remote_L11 not generated on XSD : no type defined on Excel file
2016-03-15 10:28:15,405 ERROR port from Remote_L11 not generated on XSD : no type defined on Excel file
2016-03-15 10:28:15,405 ERROR size from Remote_L11 not generated on XSD : no type defined on Excel file
2016-03-15 10:28:15,405 ERROR threshold from Remote_L11 not generated on XSD : no type defined on Excel file
2016-03-15 10:28:15,405 ERROR bsp_task from Remote_L11 not generated on XSD : no type defined on Excel file
2016-03-15 10:28:15,405 ERROR rx_task from Remote_L11 not generated on XSD : no type defined on Excel file
2016-03-15 10:28:15,405 ERROR tx_task from Remote_L11 not generated on XSD : no type defined on Excel file
2016-03-15 10:28:15,406 ERROR info from Remote_L11 not generated on XSD : no type defined on Excel file
2016-03-15 10:28:15,406 ERROR warning from Remote_L11 not generated on XSD : no type defined on Excel file
2016-03-15 10:28:15,406 ERROR error from Remote_L11 not generated on XSD : no type defined on Excel file
2016-03-15 10:28:15,406 ERROR debug from Remote_L11 not generated on XSD : no type defined on Excel file
2016-03-15 10:28:15,451 ERROR Acoustic_Bearing_Range_L16_Staleness_Limit from MP.Param not generated on XML : no type defined on Excel file
2016-03-15 10:28:15,452 ERROR Addressed_Unit_Response_TimeOut from MP.Param not generated on XML : no type defined on Excel file
2016-03-15 10:28:15,452 ERROR Air_Platform_Status_RRN from MP.Param not generated on XML : no type defined on Excel file
2016-03-15 10:28:15,452 ERROR AOP_Staleness_Limit from MP.Param not generated on XML : no type defined on Excel file
2016-03-15 10:28:15,452 ERROR Association_Staleness_Limit from MP.Param not generated on XML : no type defined on Excel file
2016-03-15 10:28:15,452 ERROR Change_Data_Order_Lockout from MP.Param not generated on XML : no type defined on Excel file
2016-03-15 10:28:15,452 ERROR CIP_Staleness_Timeout from MP.Param not generated on XML : no type defined on Excel file
2016-03-15 10:28:15,452 ERROR CUR_Staleness_Limit from MP.Param not generated on XML : no type defined on Excel file
2016-03-15 10:28:15,452 ERROR Deconfliction_Enabled from MP.Param not generated on XML : no value defined on Excel file
2016-03-15 10:28:15,452 ERROR DCL_Data_Period from MP.Param not generated on XML : no type defined on Excel file
2016-03-15 10:28:15,453 ERROR Emergency_Lockout from MP.Param not generated on XML : no type defined on Excel file
2016-03-15 10:28:15,453 ERROR Emergency_Pt_Staleness_Limit from MP.Param not generated on XML : no type defined on Excel file
2016-03-15 10:28:15,453 ERROR Eng_Staleness_Limit from MP.Param not generated on XML : no type defined on Excel file
2016-03-15 10:28:15,453 ERROR EW_Fixes_Staleness_Limit from MP.Param not generated on XML : no type defined on Excel file
2016-03-15 10:28:15,453 ERROR EW_Tracks_Staleness_Limit from MP.Param not generated on XML : no type defined on Excel file
2016-03-15 10:28:15,453 ERROR Filter_Reception_Timeout from MP.Param not generated on XML : no type defined on Excel file
2016-03-15 10:28:15,453 ERROR Force_Tell_Lockout from MP.Param not generated on XML : no type defined on Excel file
2016-03-15 10:28:15,453 ERROR FT_Timeout from MP.Param not generated on XML : no type defined on Excel file
2016-03-15 10:28:15,453 ERROR Heigth_Separation_Threshold from MP.Param not generated on XML : no type defined on Excel file
2016-03-15 10:28:15,454 ERROR Incomplete_Line_Purge_Delay from MP.Param not generated on XML : no type defined on Excel file
2016-03-15 10:28:15,454 ERROR Indirect_Unit_L11_Staleness_Limit from MP.Param not generated on XML : no type defined on Excel file
2016-03-15 10:28:15,454 ERROR IU_Connectivity_Data_Period from MP.Param not generated on XML : no type defined on Excel file
2016-03-15 10:28:15,454 ERROR J3_2_RT_RRN from MP.Param not generated on XML : no type defined on Excel file
2016-03-15 10:28:15,454 ERROR L11_Clear_Iff_Lockout from MP.Param not generated on XML : no value defined on Excel file
2016-03-15 10:28:15,454 ERROR L11_Clear_Iff_Lockout from MP.Param not generated on XML : no type defined on Excel file
2016-03-15 10:28:15,454 ERROR L11_Direct_Unit_Inactivity_Delay from MP.Param not generated on XML : no type defined on Excel file
2016-03-15 10:28:15,454 ERROR L11_Inactivity_Delay from MP.Param not generated on XML : no type defined on Excel file
2016-03-15 10:28:15,454 ERROR L11_Indirect_Unit_Inactivity_Delay from MP.Param not generated on XML : no type defined on Excel file
2016-03-15 10:28:15,455 ERROR L11B_Inactivity_Delay from MP.Param not generated on XML : no type defined on Excel file
2016-03-15 10:28:15,455 ERROR L16_Clear_Iff_Lockout from MP.Param not generated on XML : no value defined on Excel file
2016-03-15 10:28:15,455 ERROR L16_Clear_Iff_Lockout from MP.Param not generated on XML : no type defined on Excel file
2016-03-15 10:28:15,455 ERROR L16_Inactivity_Delay from MP.Param not generated on XML : no type defined on Excel file
2016-03-15 10:28:15,455 ERROR L16_Saturation_Indicator_Report_Period from MP.Param not generated on XML : no type defined on Excel file
2016-03-15 10:28:15,455 ERROR Land_RT_Track_TQ_Decrement_Period from MP.Param not generated on XML : no type defined on Excel file
2016-03-15 10:28:15,455 ERROR Land_RT_Track_TQ_Start_Decrement from MP.Param not generated on XML : no type defined on Excel file
2016-03-15 10:28:15,455 ERROR Lines_Areas_Staleness_Limit from MP.Param not generated on XML : no type defined on Excel file
2016-03-15 10:28:15,455 ERROR LinkT_Point_Position_Difference from MP.Param not generated on XML : no type defined on Excel file
2016-03-15 10:28:15,455 ERROR LOB_Staleness_Limit from MP.Param not generated on XML : no type defined on Excel file
2016-03-15 10:28:15,456 ERROR Local_Assumed_Friend_Identity_Differences from MP.Param not generated on XML : no value defined on Excel file
2016-03-15 10:28:15,456 ERROR Local_Assumed_Friend_Identity_Differences from MP.Param not generated on XML : no type defined on Excel file
2016-03-15 10:28:15,456 ERROR Local_Friend_Identity_Differences from MP.Param not generated on XML : no value defined on Excel file
2016-03-15 10:28:15,456 ERROR Local_Friend_Identity_Differences from MP.Param not generated on XML : no type defined on Excel file
2016-03-15 10:28:15,456 ERROR Local_Hostile_Identity_Differences from MP.Param not generated on XML : no value defined on Excel file
2016-03-15 10:28:15,456 ERROR Local_Hostile_Identity_Differences from MP.Param not generated on XML : no type defined on Excel file
2016-03-15 10:28:15,456 ERROR Local_Neutral_Identity_Differences from MP.Param not generated on XML : no value defined on Excel file
2016-03-15 10:28:15,456 ERROR Local_Neutral_Identity_Differences from MP.Param not generated on XML : no type defined on Excel file
2016-03-15 10:28:15,456 ERROR Local_Pending_Identity_Differences from MP.Param not generated on XML : no value defined on Excel file
2016-03-15 10:28:15,457 ERROR Local_Pending_Identity_Differences from MP.Param not generated on XML : no type defined on Excel file
2016-03-15 10:28:15,457 ERROR Local_Suspect_Identity_Differences from MP.Param not generated on XML : no value defined on Excel file
2016-03-15 10:28:15,457 ERROR Local_Suspect_Identity_Differences from MP.Param not generated on XML : no type defined on Excel file
2016-03-15 10:28:15,457 ERROR Local_Unknown_Identity_Differences from MP.Param not generated on XML : no value defined on Excel file
2016-03-15 10:28:15,457 ERROR Local_Unknown_Identity_Differences from MP.Param not generated on XML : no type defined on Excel file
2016-03-15 10:28:15,457 ERROR Matching_Link_Type from MP.Param not generated on XML : no value defined on Excel file
2016-03-15 10:28:15,457 ERROR Matching_Link_Type from MP.Param not generated on XML : no type defined on Excel file
2016-03-15 10:28:15,457 ERROR Multilink_R2_Delay from MP.Param not generated on XML : no type defined on Excel file
2016-03-15 10:28:15,457 ERROR NetConnectMatrix_Timeout from MP.Param not generated on XML : no type defined on Excel file
2016-03-15 10:28:15,458 ERROR NRT_Ballistic_Missile_Staleness_Limit from MP.Param not generated on XML : no type defined on Excel file
2016-03-15 10:28:15,458 ERROR NRT_EW_Tracks_Staleness_Limit from MP.Param not generated on XML : no type defined on Excel file
2016-03-15 10:28:15,458 ERROR NRT_Subsurface_Track_ASW_data_L11_Staleness_Limit from MP.Param not generated on XML : no type defined on Excel file
2016-03-15 10:28:15,458 ERROR NRT_Surface_Track_L11_Staleness_Limit from MP.Param not generated on XML : no type defined on Excel file
2016-03-15 10:28:15,458 ERROR NRT_Track_Staleness_Limit from MP.Param not generated on XML : no type defined on Excel file
2016-03-15 10:28:15,458 ERROR Overflow_Alarm_Threshold from MP.Param not generated on XML : no type defined on Excel file
2016-03-15 10:28:15,459 ERROR Own_Unit_Env_Cat from MP.Param not generated on XML : no type defined on Excel file
2016-03-15 10:28:15,459 ERROR Own_Unit_Type from MP.Param not generated on XML : no type defined on Excel file
2016-03-15 10:28:15,459 ERROR Pilot_Response_Timeout from MP.Param not generated on XML : no type defined on Excel file
2016-03-15 10:28:15,459 ERROR Plan_Separation_Coeff from MP.Param not generated on XML : no type defined on Excel file
2016-03-15 10:28:15,459 ERROR Platform_Status_Time_Out from MP.Param not generated on XML : no type defined on Excel file
2016-03-15 10:28:15,459 ERROR Pointer_Associated_Text_Staleness_Limit from MP.Param not generated on XML : no type defined on Excel file
2016-03-15 10:28:15,459 ERROR PPLI_Point_Staleness_Limit from MP.Param not generated on XML : no type defined on Excel file
2016-03-15 10:28:15,459 ERROR PPLI_Surface_Track_Staleness_Limit from MP.Param not generated on XML : no type defined on Excel file
2016-03-15 10:28:15,459 ERROR PPLI_Track_Staleness_Limit from MP.Param not generated on XML : no type defined on Excel file
2016-03-15 10:28:15,459 ERROR PRI_Staleness_Limit from MP.Param not generated on XML : no type defined on Excel file
2016-03-15 10:28:15,459 ERROR Pt_Low_Frequency_Staleness_Limit from MP.Param not generated on XML : no type defined on Excel file
2016-03-15 10:28:15,459 ERROR Pt_Staleness_Limit from MP.Param not generated on XML : no type defined on Excel file
2016-03-15 10:28:15,460 ERROR Ref_Pt_Staleness_Limit from MP.Param not generated on XML : no type defined on Excel file
2016-03-15 10:28:15,460 ERROR RC_Host_Response_Timeout from MP.Param not generated on XML : no type defined on Excel file
2016-03-15 10:28:15,460 ERROR RC_Response_Timeout from MP.Param not generated on XML : no type defined on Excel file
2016-03-15 10:28:15,460 ERROR Remote_Threat_Warning_Staleness_Limit from MP.Param not generated on XML : no type defined on Excel file
2016-03-15 10:28:15,460 ERROR RT_Ballistic_Missile_Staleness_Limit from MP.Param not generated on XML : no type defined on Excel file
2016-03-15 10:28:15,460 ERROR RT_Land_Track_Staleness_Limit from MP.Param not generated on XML : no type defined on Excel file
2016-03-15 10:28:15,460 ERROR RT_Subsurface_Track_L11_Staleness_Limit from MP.Param not generated on XML : no type defined on Excel file
2016-03-15 10:28:15,460 ERROR RT_Track_Staleness_Limit from MP.Param not generated on XML : no type defined on Excel file
2016-03-15 10:28:15,460 ERROR Sending_Drop_Timeout from MP.Param not generated on XML : no type defined on Excel file
2016-03-15 10:28:15,461 ERROR Slaved_J3_0_Delta_Lat_Long_Tx_Threshold from MP.Param not generated on XML : no type defined on Excel file
2016-03-15 10:28:15,461 ERROR Subsurface_Track_ASW_data_L16_Staleness_Limit from MP.Param not generated on XML : no type defined on Excel file
2016-03-15 10:28:15,461 ERROR Subsurface_Track_Datum_L16_Staleness_Limit from MP.Param not generated on XML : no type defined on Excel file
2016-03-15 10:28:15,461 ERROR Subsurface_Track_Torpedo_Hostile_L16_Staleness_Limit from MP.Param not generated on XML : no type defined on Excel file
2016-03-15 10:28:15,461 ERROR System_Acknowledgement_TimeOut from MP.Param not generated on XML : no type defined on Excel file
2016-03-15 10:28:15,461 ERROR take_R2_Air_Track_Timeout from MP.Param not generated on XML : no type defined on Excel file
2016-03-15 10:28:15,461 ERROR take_R2_Land_Track_Timeout from MP.Param not generated on XML : no type defined on Excel file
2016-03-15 10:28:15,461 ERROR take_R2_Space_Track_Timeout from MP.Param not generated on XML : no type defined on Excel file
2016-03-15 10:28:15,461 ERROR take_R2_Surface_Track_Timeout from MP.Param not generated on XML : no type defined on Excel file
2016-03-15 10:28:15,462 ERROR Target_Bearing_Report_Staleness_Limit from MP.Param not generated on XML : no type defined on Excel file
2016-03-15 10:28:15,462 ERROR Target_Report_Staleness_Limit from MP.Param not generated on XML : no type defined on Excel file
2016-03-15 10:28:15,462 ERROR TN_Presaturation_Threshold from MP.Param not generated on XML : no type defined on Excel file
2016-03-15 10:28:15,462 ERROR TN_Release_Staleness from MP.Param not generated on XML : no type defined on Excel file
2016-03-15 10:28:15,462 ERROR TQ_Decrement_Period from MP.Param not generated on XML : no type defined on Excel file
2016-03-15 10:28:15,462 ERROR TQ_Start_Decrement from MP.Param not generated on XML : no type defined on Excel file
2016-03-15 10:28:15,462 ERROR Track_Staleness_Limit_After_Drop from MP.Param not generated on XML : no type defined on Excel file
2016-03-15 10:28:15,462 ERROR Acoustic_Bearing_Range_L16_Staleness_Limit from MP.Param not generated on XSD : no type defined on Excel file
2016-03-15 10:28:15,462 ERROR Addressed_Unit_Response_TimeOut from MP.Param not generated on XSD : no type defined on Excel file
2016-03-15 10:28:15,463 ERROR Air_Platform_Status_RRN from MP.Param not generated on XSD : no type defined on Excel file
2016-03-15 10:28:15,463 ERROR AOP_Staleness_Limit from MP.Param not generated on XSD : no type defined on Excel file
2016-03-15 10:28:15,463 ERROR Association_Staleness_Limit from MP.Param not generated on XSD : no type defined on Excel file
2016-03-15 10:28:15,463 ERROR Change_Data_Order_Lockout from MP.Param not generated on XSD : no type defined on Excel file
2016-03-15 10:28:15,463 ERROR CIP_Staleness_Timeout from MP.Param not generated on XSD : no type defined on Excel file
2016-03-15 10:28:15,463 ERROR CUR_Staleness_Limit from MP.Param not generated on XSD : no type defined on Excel file
2016-03-15 10:28:15,463 ERROR Deconfliction_Enabled from MP.Param not generated on XSD : no value defined on Excel file
2016-03-15 10:28:15,463 ERROR DCL_Data_Period from MP.Param not generated on XSD : no type defined on Excel file
2016-03-15 10:28:15,463 ERROR Emergency_Lockout from MP.Param not generated on XSD : no type defined on Excel file
2016-03-15 10:28:15,463 ERROR Emergency_Pt_Staleness_Limit from MP.Param not generated on XSD : no type defined on Excel file
2016-03-15 10:28:15,464 ERROR Eng_Staleness_Limit from MP.Param not generated on XSD : no type defined on Excel file
2016-03-15 10:28:15,464 ERROR EW_Fixes_Staleness_Limit from MP.Param not generated on XSD : no type defined on Excel file
2016-03-15 10:28:15,464 ERROR EW_Tracks_Staleness_Limit from MP.Param not generated on XSD : no type defined on Excel file
2016-03-15 10:28:15,464 ERROR Filter_Reception_Timeout from MP.Param not generated on XSD : no type defined on Excel file
2016-03-15 10:28:15,464 ERROR Force_Tell_Lockout from MP.Param not generated on XSD : no type defined on Excel file
2016-03-15 10:28:15,464 ERROR FT_Timeout from MP.Param not generated on XSD : no type defined on Excel file
2016-03-15 10:28:15,464 ERROR Heigth_Separation_Threshold from MP.Param not generated on XSD : no type defined on Excel file
2016-03-15 10:28:15,464 ERROR Incomplete_Line_Purge_Delay from MP.Param not generated on XSD : no type defined on Excel file
2016-03-15 10:28:15,464 ERROR Indirect_Unit_L11_Staleness_Limit from MP.Param not generated on XSD : no type defined on Excel file
2016-03-15 10:28:15,465 ERROR IU_Connectivity_Data_Period from MP.Param not generated on XSD : no type defined on Excel file
2016-03-15 10:28:15,465 ERROR J3_2_RT_RRN from MP.Param not generated on XSD : no type defined on Excel file
2016-03-15 10:28:15,465 ERROR L11_Clear_Iff_Lockout from MP.Param not generated on XSD : no value defined on Excel file
2016-03-15 10:28:15,465 ERROR L11_Clear_Iff_Lockout from MP.Param not generated on XSD : no type defined on Excel file
2016-03-15 10:28:15,465 ERROR L11_Direct_Unit_Inactivity_Delay from MP.Param not generated on XSD : no type defined on Excel file
2016-03-15 10:28:15,465 ERROR L11_Inactivity_Delay from MP.Param not generated on XSD : no type defined on Excel file
2016-03-15 10:28:15,465 ERROR L11_Indirect_Unit_Inactivity_Delay from MP.Param not generated on XSD : no type defined on Excel file
2016-03-15 10:28:15,465 ERROR L11B_Inactivity_Delay from MP.Param not generated on XSD : no type defined on Excel file
2016-03-15 10:28:15,465 ERROR L16_Clear_Iff_Lockout from MP.Param not generated on XSD : no value defined on Excel file
2016-03-15 10:28:15,466 ERROR L16_Clear_Iff_Lockout from MP.Param not generated on XSD : no type defined on Excel file
2016-03-15 10:28:15,466 ERROR L16_Inactivity_Delay from MP.Param not generated on XSD : no type defined on Excel file
2016-03-15 10:28:15,466 ERROR L16_Saturation_Indicator_Report_Period from MP.Param not generated on XSD : no type defined on Excel file
2016-03-15 10:28:15,466 ERROR Land_RT_Track_TQ_Decrement_Period from MP.Param not generated on XSD : no type defined on Excel file
2016-03-15 10:28:15,466 ERROR Land_RT_Track_TQ_Start_Decrement from MP.Param not generated on XSD : no type defined on Excel file
2016-03-15 10:28:15,466 ERROR Lines_Areas_Staleness_Limit from MP.Param not generated on XSD : no type defined on Excel file
2016-03-15 10:28:15,466 ERROR LinkT_Point_Position_Difference from MP.Param not generated on XSD : no type defined on Excel file
2016-03-15 10:28:15,466 ERROR LOB_Staleness_Limit from MP.Param not generated on XSD : no type defined on Excel file
2016-03-15 10:28:15,466 ERROR Local_Assumed_Friend_Identity_Differences from MP.Param not generated on XSD : no value defined on Excel file
2016-03-15 10:28:15,467 ERROR Local_Assumed_Friend_Identity_Differences from MP.Param not generated on XSD : no type defined on Excel file
2016-03-15 10:28:15,467 ERROR Local_Friend_Identity_Differences from MP.Param not generated on XSD : no value defined on Excel file
2016-03-15 10:28:15,467 ERROR Local_Friend_Identity_Differences from MP.Param not generated on XSD : no type defined on Excel file
2016-03-15 10:28:15,467 ERROR Local_Hostile_Identity_Differences from MP.Param not generated on XSD : no value defined on Excel file
2016-03-15 10:28:15,467 ERROR Local_Hostile_Identity_Differences from MP.Param not generated on XSD : no type defined on Excel file
2016-03-15 10:28:15,467 ERROR Local_Neutral_Identity_Differences from MP.Param not generated on XSD : no value defined on Excel file
2016-03-15 10:28:15,467 ERROR Local_Neutral_Identity_Differences from MP.Param not generated on XSD : no type defined on Excel file
2016-03-15 10:28:15,467 ERROR Local_Pending_Identity_Differences from MP.Param not generated on XSD : no value defined on Excel file
2016-03-15 10:28:15,467 ERROR Local_Pending_Identity_Differences from MP.Param not generated on XSD : no type defined on Excel file
2016-03-15 10:28:15,468 ERROR Local_Suspect_Identity_Differences from MP.Param not generated on XSD : no value defined on Excel file
2016-03-15 10:28:15,468 ERROR Local_Suspect_Identity_Differences from MP.Param not generated on XSD : no type defined on Excel file
2016-03-15 10:28:15,468 ERROR Local_Unknown_Identity_Differences from MP.Param not generated on XSD : no value defined on Excel file
2016-03-15 10:28:15,468 ERROR Local_Unknown_Identity_Differences from MP.Param not generated on XSD : no type defined on Excel file
2016-03-15 10:28:15,468 ERROR Matching_Link_Type from MP.Param not generated on XSD : no value defined on Excel file
2016-03-15 10:28:15,468 ERROR Matching_Link_Type from MP.Param not generated on XSD : no type defined on Excel file
2016-03-15 10:28:15,468 ERROR Multilink_R2_Delay from MP.Param not generated on XSD : no type defined on Excel file
2016-03-15 10:28:15,468 ERROR NetConnectMatrix_Timeout from MP.Param not generated on XSD : no type defined on Excel file
2016-03-15 10:28:15,468 ERROR NRT_Ballistic_Missile_Staleness_Limit from MP.Param not generated on XSD : no type defined on Excel file
2016-03-15 10:28:15,468 ERROR NRT_EW_Tracks_Staleness_Limit from MP.Param not generated on XSD : no type defined on Excel file
2016-03-15 10:28:15,468 ERROR NRT_Subsurface_Track_ASW_data_L11_Staleness_Limit from MP.Param not generated on XSD : no type defined on Excel file
2016-03-15 10:28:15,468 ERROR NRT_Surface_Track_L11_Staleness_Limit from MP.Param not generated on XSD : no type defined on Excel file
2016-03-15 10:28:15,469 ERROR NRT_Track_Staleness_Limit from MP.Param not generated on XSD : no type defined on Excel file
2016-03-15 10:28:15,469 ERROR Overflow_Alarm_Threshold from MP.Param not generated on XSD : no type defined on Excel file
2016-03-15 10:28:15,469 ERROR Own_Unit_Env_Cat from MP.Param not generated on XSD : no type defined on Excel file
2016-03-15 10:28:15,469 ERROR Own_Unit_Type from MP.Param not generated on XSD : no type defined on Excel file
2016-03-15 10:28:15,469 ERROR Pilot_Response_Timeout from MP.Param not generated on XSD : no type defined on Excel file
2016-03-15 10:28:15,469 ERROR Plan_Separation_Coeff from MP.Param not generated on XSD : no type defined on Excel file
2016-03-15 10:28:15,469 ERROR Platform_Status_Time_Out from MP.Param not generated on XSD : no type defined on Excel file
2016-03-15 10:28:15,469 ERROR Pointer_Associated_Text_Staleness_Limit from MP.Param not generated on XSD : no type defined on Excel file
2016-03-15 10:28:15,469 ERROR PPLI_Point_Staleness_Limit from MP.Param not generated on XSD : no type defined on Excel file
2016-03-15 10:28:15,469 ERROR PPLI_Surface_Track_Staleness_Limit from MP.Param not generated on XSD : no type defined on Excel file
2016-03-15 10:28:15,469 ERROR PPLI_Track_Staleness_Limit from MP.Param not generated on XSD : no type defined on Excel file
2016-03-15 10:28:15,469 ERROR PRI_Staleness_Limit from MP.Param not generated on XSD : no type defined on Excel file
2016-03-15 10:28:15,469 ERROR Pt_Low_Frequency_Staleness_Limit from MP.Param not generated on XSD : no type defined on Excel file
2016-03-15 10:28:15,469 ERROR Pt_Staleness_Limit from MP.Param not generated on XSD : no type defined on Excel file
2016-03-15 10:28:15,469 ERROR Ref_Pt_Staleness_Limit from MP.Param not generated on XSD : no type defined on Excel file
2016-03-15 10:28:15,469 ERROR RC_Host_Response_Timeout from MP.Param not generated on XSD : no type defined on Excel file
2016-03-15 10:28:15,469 ERROR RC_Response_Timeout from MP.Param not generated on XSD : no type defined on Excel file
2016-03-15 10:28:15,469 ERROR Remote_Threat_Warning_Staleness_Limit from MP.Param not generated on XSD : no type defined on Excel file
2016-03-15 10:28:15,470 ERROR RT_Ballistic_Missile_Staleness_Limit from MP.Param not generated on XSD : no type defined on Excel file
2016-03-15 10:28:15,470 ERROR RT_Land_Track_Staleness_Limit from MP.Param not generated on XSD : no type defined on Excel file
2016-03-15 10:28:15,470 ERROR RT_Subsurface_Track_L11_Staleness_Limit from MP.Param not generated on XSD : no type defined on Excel file
2016-03-15 10:28:15,470 ERROR RT_Track_Staleness_Limit from MP.Param not generated on XSD : no type defined on Excel file
2016-03-15 10:28:15,470 ERROR Sending_Drop_Timeout from MP.Param not generated on XSD : no type defined on Excel file
2016-03-15 10:28:15,470 ERROR Slaved_J3_0_Delta_Lat_Long_Tx_Threshold from MP.Param not generated on XSD : no type defined on Excel file
2016-03-15 10:28:15,470 ERROR Subsurface_Track_ASW_data_L16_Staleness_Limit from MP.Param not generated on XSD : no type defined on Excel file
2016-03-15 10:28:15,470 ERROR Subsurface_Track_Datum_L16_Staleness_Limit from MP.Param not generated on XSD : no type defined on Excel file
2016-03-15 10:28:15,470 ERROR Subsurface_Track_Torpedo_Hostile_L16_Staleness_Limit from MP.Param not generated on XSD : no type defined on Excel file
2016-03-15 10:28:15,470 ERROR System_Acknowledgement_TimeOut from MP.Param not generated on XSD : no type defined on Excel file
2016-03-15 10:28:15,470 ERROR take_R2_Air_Track_Timeout from MP.Param not generated on XSD : no type defined on Excel file
2016-03-15 10:28:15,470 ERROR take_R2_Land_Track_Timeout from MP.Param not generated on XSD : no type defined on Excel file
2016-03-15 10:28:15,470 ERROR take_R2_Space_Track_Timeout from MP.Param not generated on XSD : no type defined on Excel file
2016-03-15 10:28:15,470 ERROR take_R2_Surface_Track_Timeout from MP.Param not generated on XSD : no type defined on Excel file
2016-03-15 10:28:15,470 ERROR Target_Bearing_Report_Staleness_Limit from MP.Param not generated on XSD : no type defined on Excel file
2016-03-15 10:28:15,470 ERROR Target_Report_Staleness_Limit from MP.Param not generated on XSD : no type defined on Excel file
2016-03-15 10:28:15,470 ERROR TN_Presaturation_Threshold from MP.Param not generated on XSD : no type defined on Excel file
2016-03-15 10:28:15,471 ERROR TN_Release_Staleness from MP.Param not generated on XSD : no type defined on Excel file
2016-03-15 10:28:15,471 ERROR TQ_Decrement_Period from MP.Param not generated on XSD : no type defined on Excel file
2016-03-15 10:28:15,471 ERROR TQ_Start_Decrement from MP.Param not generated on XSD : no type defined on Excel file
2016-03-15 10:28:15,471 ERROR Track_Staleness_Limit_After_Drop from MP.Param not generated on XSD : no type defined on Excel file
2016-03-15 10:28:15,579 ERROR Assume_Eng_Status_Diffusion_When_Taking_Ctrl from BP.Param not generated on XML : no value defined on Excel file
2016-03-15 10:28:15,579 ERROR CC_Object_Offset_Value from BP.Param not generated on XML : no type defined on Excel file
2016-03-15 10:28:15,579 ERROR DLIP_Manages_Full_Covariance from BP.Param not generated on XML : no value defined on Excel file
2016-03-15 10:28:15,579 ERROR DLIP_Routing_JRE from BP.Param not generated on XML : no value defined on Excel file
2016-03-15 10:28:15,579 ERROR DLIP_Routing_To_Unknown_Unit from BP.Param not generated on XML : no value defined on Excel file
2016-03-15 10:28:15,579 ERROR Duplicate_TN_Mng from BP.Param not generated on XML : no value defined on Excel file
2016-03-15 10:28:15,579 ERROR Enabling_Forwarding_Filters_Db_Lock from BP.Param not generated on XML : no value defined on Excel file
2016-03-15 10:28:15,579 ERROR Enabling_Reception_Quality from BP.Param not generated on XML : no value defined on Excel file
2016-03-15 10:28:15,580 ERROR Enabling_Routing_Filters_Db_Lock from BP.Param not generated on XML : no value defined on Excel file
2016-03-15 10:28:15,580 ERROR Enabling_Tactical_Filters_Db_Lock from BP.Param not generated on XML : no value defined on Excel file
2016-03-15 10:28:15,580 ERROR Enabling_Tx_Saturation_Alert from BP.Param not generated on XML : no value defined on Excel file
2016-03-15 10:28:15,580 ERROR Forward_Sensor_Target_Report_To_Locally_Controlled_Unit from BP.Param not generated on XML : no value defined on Excel file
2016-03-15 10:28:15,580 ERROR Identity_Suspect from BP.Param not generated on XML : no value defined on Excel file
2016-03-15 10:28:15,580 ERROR Indirect_Interface from BP.Param not generated on XML : no value defined on Excel file
2016-03-15 10:28:15,580 ERROR IU_Connectivity_Data_Reporting_Indicator from BP.Param not generated on XML : no value defined on Excel file
2016-03-15 10:28:15,580 ERROR L11_Tx_Opportunity_Auto_Tx_Is_Allowed from BP.Param not generated on XML : no value defined on Excel file
2016-03-15 10:28:15,581 ERROR Laser_Designation_With_C6 from BP.Param not generated on XML : no value defined on Excel file
2016-03-15 10:28:15,581 ERROR Max_Stored_CU_Report from BP.Param not generated on XML : no value defined on Excel file
2016-03-15 10:28:15,581 ERROR Max_Stored_Pairing from BP.Param not generated on XML : no value defined on Excel file
2016-03-15 10:28:15,581 ERROR Max_Stored_Remote_Surveillance_Object from BP.Param not generated on XML : no value defined on Excel file
2016-03-15 10:28:15,581 ERROR Max_Stored_Remote_Surveillance_Object_Per_Link_Id from BP.Param not generated on XML : no value defined on Excel file
2016-03-15 10:28:15,581 ERROR Max_Stored_Remote_Surveillance_Object_Per_Link_L11 from BP.Param not generated on XML : no value defined on Excel file
2016-03-15 10:28:15,581 ERROR Max_Stored_Remote_Surveillance_Object_Per_Link_L16 from BP.Param not generated on XML : no value defined on Excel file
2016-03-15 10:28:15,581 ERROR Max_Stored_System_Track from BP.Param not generated on XML : no value defined on Excel file
2016-03-15 10:28:15,581 ERROR Max_Stored_WES from BP.Param not generated on XML : no value defined on Excel file
2016-03-15 10:28:15,582 ERROR Number_Of_Free_Text_Per_Tx_Opportunity from BP.Param not generated on XML : no value defined on Excel file
2016-03-15 10:28:15,582 ERROR Number_Of_Free_Text_Per_Tx_Opportunity from BP.Param not generated on XML : no type defined on Excel file
2016-03-15 10:28:15,582 ERROR Reject_CDO_And8Diff_Report_When_Third_Unit_Is_CU from BP.Param not generated on XML : no type defined on Excel file
2016-03-15 10:28:15,582 ERROR Remote_Threat_Warning_Capacity from BP.Param not generated on XML : no type defined on Excel file
2016-03-15 10:28:15,582 ERROR Response_To_Covariance_Dur_By_DLIP from BP.Param not generated on XML : no type defined on Excel file
2016-03-15 10:28:15,582 ERROR Send_Addressed_Message_To_Inactive_Unit from BP.Param not generated on XML : no type defined on Excel file
2016-03-15 10:28:15,582 ERROR Send_Association_Updates_To_Host from BP.Param not generated on XML : no value defined on Excel file
2016-03-15 10:28:15,582 ERROR Send_Association_Updates_To_Host from BP.Param not generated on XML : no type defined on Excel file
2016-03-15 10:28:15,582 ERROR Sending_Drop_Timeout from BP.Param not generated on XML : no type defined on Excel file
2016-03-15 10:28:15,583 ERROR SurvObjects_Offset_Value from BP.Param not generated on XML : no type defined on Excel file
2016-03-15 10:28:15,583 ERROR Timeout_On_Cancel_HDO_L11 from BP.Param not generated on XML : no value defined on Excel file
2016-03-15 10:28:15,583 ERROR Timeout_On_Cancel_HDO_L11 from BP.Param not generated on XML : no type defined on Excel file
2016-03-15 10:28:15,583 ERROR Timeout_On_Cancel_HDO_L16 from BP.Param not generated on XML : no value defined on Excel file
2016-03-15 10:28:15,583 ERROR Timeout_On_Cancel_HDO_L16 from BP.Param not generated on XML : no type defined on Excel file
2016-03-15 10:28:15,583 ERROR Nb_Max_Filters_Criteria_PerLink from BP.Param not generated on XML : no value defined on Excel file
2016-03-15 10:28:15,583 ERROR Nb_Max_Filters_Criteria_PerLink from BP.Param not generated on XML : no type defined on Excel file
2016-03-15 10:28:15,583 ERROR Nb_Geographic_Filters_PerLink from BP.Param not generated on XML : no value defined on Excel file
2016-03-15 10:28:15,583 ERROR Nb_Geographic_Filters_PerLink from BP.Param not generated on XML : no type defined on Excel file
2016-03-15 10:28:15,584 ERROR Nb_Max_Filters_Criteria from BP.Param not generated on XML : no value defined on Excel file
2016-03-15 10:28:15,584 ERROR Nb_Max_Filters_Criteria from BP.Param not generated on XML : no type defined on Excel file
2016-03-15 10:28:15,584 ERROR Nb_Specific_Track_Filters from BP.Param not generated on XML : no value defined on Excel file
2016-03-15 10:28:15,584 ERROR Nb_Specific_Track_Filters from BP.Param not generated on XML : no type defined on Excel file
2016-03-15 10:28:15,584 ERROR Nb_Interface_Unit_Filters from BP.Param not generated on XML : no value defined on Excel file
2016-03-15 10:28:15,584 ERROR Nb_Interface_Unit_Filters from BP.Param not generated on XML : no type defined on Excel file
2016-03-15 10:28:15,584 ERROR Nb_Polygon_sides from BP.Param not generated on XML : no value defined on Excel file
2016-03-15 10:28:15,584 ERROR Nb_Polygon_sides from BP.Param not generated on XML : no type defined on Excel file
2016-03-15 10:28:15,584 ERROR Nb_JUs from BP.Param not generated on XML : no value defined on Excel file
2016-03-15 10:28:15,585 ERROR Nb_JUs from BP.Param not generated on XML : no type defined on Excel file
2016-03-15 10:28:15,585 ERROR Nb_PUs from BP.Param not generated on XML : no value defined on Excel file
2016-03-15 10:28:15,585 ERROR Nb_PUs from BP.Param not generated on XML : no type defined on Excel file
2016-03-15 10:28:15,585 ERROR Nb_WES_objects from BP.Param not generated on XML : no value defined on Excel file
2016-03-15 10:28:15,585 ERROR Nb_WES_objects from BP.Param not generated on XML : no type defined on Excel file
2016-03-15 10:28:15,585 ERROR Nb_CUR_objects from BP.Param not generated on XML : no value defined on Excel file
2016-03-15 10:28:15,585 ERROR Nb_CUR_objects from BP.Param not generated on XML : no type defined on Excel file
2016-03-15 10:28:15,585 ERROR Nb_PAIR_objects from BP.Param not generated on XML : no value defined on Excel file
2016-03-15 10:28:15,585 ERROR Nb_PAIR_objects from BP.Param not generated on XML : no type defined on Excel file
2016-03-15 10:28:15,585 ERROR Nb_Target_Reports from BP.Param not generated on XML : no value defined on Excel file
2016-03-15 10:28:15,586 ERROR Nb_Target_Reports from BP.Param not generated on XML : no type defined on Excel file
2016-03-15 10:28:15,586 ERROR Nb_Max_TN_Blocks_Per_Link from BP.Param not generated on XML : no value defined on Excel file
2016-03-15 10:28:15,586 ERROR Nb_Max_TN_Blocks_Per_Link from BP.Param not generated on XML : no type defined on Excel file
2016-03-15 10:28:15,586 ERROR Assume_Eng_Status_Diffusion_When_Taking_Ctrl from BP.Param not generated on XSD : no value defined on Excel file
2016-03-15 10:28:15,586 ERROR CC_Object_Offset_Value from BP.Param not generated on XSD : no type defined on Excel file
2016-03-15 10:28:15,586 ERROR DLIP_Manages_Full_Covariance from BP.Param not generated on XSD : no value defined on Excel file
2016-03-15 10:28:15,586 ERROR DLIP_Routing_JRE from BP.Param not generated on XSD : no value defined on Excel file
2016-03-15 10:28:15,586 ERROR DLIP_Routing_To_Unknown_Unit from BP.Param not generated on XSD : no value defined on Excel file
2016-03-15 10:28:15,586 ERROR Duplicate_TN_Mng from BP.Param not generated on XSD : no value defined on Excel file
2016-03-15 10:28:15,587 ERROR Enabling_Forwarding_Filters_Db_Lock from BP.Param not generated on XSD : no value defined on Excel file
2016-03-15 10:28:15,587 ERROR Enabling_Reception_Quality from BP.Param not generated on XSD : no value defined on Excel file
2016-03-15 10:28:15,587 ERROR Enabling_Routing_Filters_Db_Lock from BP.Param not generated on XSD : no value defined on Excel file
2016-03-15 10:28:15,587 ERROR Enabling_Tactical_Filters_Db_Lock from BP.Param not generated on XSD : no value defined on Excel file
2016-03-15 10:28:15,587 ERROR Enabling_Tx_Saturation_Alert from BP.Param not generated on XSD : no value defined on Excel file
2016-03-15 10:28:15,587 ERROR Forward_Sensor_Target_Report_To_Locally_Controlled_Unit from BP.Param not generated on XSD : no value defined on Excel file
2016-03-15 10:28:15,587 ERROR Identity_Suspect from BP.Param not generated on XSD : no value defined on Excel file
2016-03-15 10:28:15,587 ERROR Indirect_Interface from BP.Param not generated on XSD : no value defined on Excel file
2016-03-15 10:28:15,588 ERROR IU_Connectivity_Data_Reporting_Indicator from BP.Param not generated on XSD : no value defined on Excel file
2016-03-15 10:28:15,588 ERROR L11_Tx_Opportunity_Auto_Tx_Is_Allowed from BP.Param not generated on XSD : no value defined on Excel file
2016-03-15 10:28:15,588 ERROR Laser_Designation_With_C6 from BP.Param not generated on XSD : no value defined on Excel file
2016-03-15 10:28:15,588 ERROR Max_Stored_CU_Report from BP.Param not generated on XSD : no value defined on Excel file
2016-03-15 10:28:15,588 ERROR Max_Stored_Pairing from BP.Param not generated on XSD : no value defined on Excel file
2016-03-15 10:28:15,588 ERROR Max_Stored_Remote_Surveillance_Object from BP.Param not generated on XSD : no value defined on Excel file
2016-03-15 10:28:15,588 ERROR Max_Stored_Remote_Surveillance_Object_Per_Link_Id from BP.Param not generated on XSD : no value defined on Excel file
2016-03-15 10:28:15,588 ERROR Max_Stored_Remote_Surveillance_Object_Per_Link_L11 from BP.Param not generated on XSD : no value defined on Excel file
2016-03-15 10:28:15,588 ERROR Max_Stored_Remote_Surveillance_Object_Per_Link_L16 from BP.Param not generated on XSD : no value defined on Excel file
2016-03-15 10:28:15,588 ERROR Max_Stored_System_Track from BP.Param not generated on XSD : no value defined on Excel file
2016-03-15 10:28:15,588 ERROR Max_Stored_WES from BP.Param not generated on XSD : no value defined on Excel file
2016-03-15 10:28:15,588 ERROR Number_Of_Free_Text_Per_Tx_Opportunity from BP.Param not generated on XSD : no value defined on Excel file
2016-03-15 10:28:15,589 ERROR Number_Of_Free_Text_Per_Tx_Opportunity from BP.Param not generated on XSD : no type defined on Excel file
2016-03-15 10:28:15,589 ERROR Reject_CDO_And8Diff_Report_When_Third_Unit_Is_CU from BP.Param not generated on XSD : no type defined on Excel file
2016-03-15 10:28:15,589 ERROR Remote_Threat_Warning_Capacity from BP.Param not generated on XSD : no type defined on Excel file
2016-03-15 10:28:15,589 ERROR Response_To_Covariance_Dur_By_DLIP from BP.Param not generated on XSD : no type defined on Excel file
2016-03-15 10:28:15,589 ERROR Send_Addressed_Message_To_Inactive_Unit from BP.Param not generated on XSD : no type defined on Excel file
2016-03-15 10:28:15,589 ERROR Send_Association_Updates_To_Host from BP.Param not generated on XSD : no value defined on Excel file
2016-03-15 10:28:15,589 ERROR Send_Association_Updates_To_Host from BP.Param not generated on XSD : no type defined on Excel file
2016-03-15 10:28:15,589 ERROR Sending_Drop_Timeout from BP.Param not generated on XSD : no type defined on Excel file
2016-03-15 10:28:15,589 ERROR SurvObjects_Offset_Value from BP.Param not generated on XSD : no type defined on Excel file
2016-03-15 10:28:15,589 ERROR Timeout_On_Cancel_HDO_L11 from BP.Param not generated on XSD : no value defined on Excel file
2016-03-15 10:28:15,589 ERROR Timeout_On_Cancel_HDO_L11 from BP.Param not generated on XSD : no type defined on Excel file
2016-03-15 10:28:15,589 ERROR Timeout_On_Cancel_HDO_L16 from BP.Param not generated on XSD : no value defined on Excel file
2016-03-15 10:28:15,589 ERROR Timeout_On_Cancel_HDO_L16 from BP.Param not generated on XSD : no type defined on Excel file
2016-03-15 10:28:15,589 ERROR Nb_Max_Filters_Criteria_PerLink from BP.Param not generated on XSD : no value defined on Excel file
2016-03-15 10:28:15,589 ERROR Nb_Max_Filters_Criteria_PerLink from BP.Param not generated on XSD : no type defined on Excel file
2016-03-15 10:28:15,589 ERROR Nb_Geographic_Filters_PerLink from BP.Param not generated on XSD : no value defined on Excel file
2016-03-15 10:28:15,589 ERROR Nb_Geographic_Filters_PerLink from BP.Param not generated on XSD : no type defined on Excel file
2016-03-15 10:28:15,590 ERROR Nb_Max_Filters_Criteria from BP.Param not generated on XSD : no value defined on Excel file
2016-03-15 10:28:15,590 ERROR Nb_Max_Filters_Criteria from BP.Param not generated on XSD : no type defined on Excel file
2016-03-15 10:28:15,590 ERROR Nb_Specific_Track_Filters from BP.Param not generated on XSD : no value defined on Excel file
2016-03-15 10:28:15,590 ERROR Nb_Specific_Track_Filters from BP.Param not generated on XSD : no type defined on Excel file
2016-03-15 10:28:15,590 ERROR Nb_Interface_Unit_Filters from BP.Param not generated on XSD : no value defined on Excel file
2016-03-15 10:28:15,590 ERROR Nb_Interface_Unit_Filters from BP.Param not generated on XSD : no type defined on Excel file
2016-03-15 10:28:15,590 ERROR Nb_Polygon_sides from BP.Param not generated on XSD : no value defined on Excel file
2016-03-15 10:28:15,590 ERROR Nb_Polygon_sides from BP.Param not generated on XSD : no type defined on Excel file
2016-03-15 10:28:15,590 ERROR Nb_JUs from BP.Param not generated on XSD : no value defined on Excel file
2016-03-15 10:28:15,590 ERROR Nb_JUs from BP.Param not generated on XSD : no type defined on Excel file
2016-03-15 10:28:15,590 ERROR Nb_PUs from BP.Param not generated on XSD : no value defined on Excel file
2016-03-15 10:28:15,590 ERROR Nb_PUs from BP.Param not generated on XSD : no type defined on Excel file
2016-03-15 10:28:15,590 ERROR Nb_WES_objects from BP.Param not generated on XSD : no value defined on Excel file
2016-03-15 10:28:15,590 ERROR Nb_WES_objects from BP.Param not generated on XSD : no type defined on Excel file
2016-03-15 10:28:15,590 ERROR Nb_CUR_objects from BP.Param not generated on XSD : no value defined on Excel file
2016-03-15 10:28:15,590 ERROR Nb_CUR_objects from BP.Param not generated on XSD : no type defined on Excel file
2016-03-15 10:28:15,590 ERROR Nb_PAIR_objects from BP.Param not generated on XSD : no value defined on Excel file
2016-03-15 10:28:15,590 ERROR Nb_PAIR_objects from BP.Param not generated on XSD : no type defined on Excel file
2016-03-15 10:28:15,591 ERROR Nb_Target_Reports from BP.Param not generated on XSD : no value defined on Excel file
2016-03-15 10:28:15,591 ERROR Nb_Target_Reports from BP.Param not generated on XSD : no type defined on Excel file
2016-03-15 10:28:15,591 ERROR Nb_Max_TN_Blocks_Per_Link from BP.Param not generated on XSD : no value defined on Excel file
2016-03-15 10:28:15,591 ERROR Nb_Max_TN_Blocks_Per_Link from BP.Param not generated on XSD : no type defined on Excel file
